yarn run v1.22.21
$ storybook build --output-dir C:\Users\uvuba\AppData\Local\Temp\chromatic--44268-s7XnLZlLr7ER
@storybook/cli v7.5.2

info => Cleaning outputDir: C:\Users\uvuba\AppData\Local\Temp\chromatic--44268-s7XnLZlLr7ER
info => Loading presets
info => Building manager..
info => Manager built (388 ms)
info => Building preview..
info => Copying static files: C:\Users\uvuba\Documents\storybook-tutorial\node_modules\@storybook\manager\static at C:\Users\uvuba\AppData\Local\Temp\chromatic--44268-s7XnLZlLr7ER\sb-common-assets
info => Copying static files: C:\Users\uvuba\Documents\storybook-tutorial\public at C:\Users\uvuba\AppData\Local\Temp\chromatic--44268-s7XnLZlLr7ER\
[36mvite v4.5.0 [32mbuilding for production...[36m[39m

./sb-common-assets/fonts.css doesn't exist at build time, it will remain unchanged to be resolved at runtime
transforming...
node_modules/telejson/dist/index.mjs (1413:15) Use of eval in "node_modules/telejson/dist/index.mjs" is strongly discouraged as it poses security risks and may cause issues with minification.
node_modules/telejson/dist/index.mjs (1416:18) Use of eval in "node_modules/telejson/dist/index.mjs" is strongly discouraged as it poses security risks and may cause issues with minification.
[32m✓[39m 1572 modules transformed.
rendering chunks...
computing gzip size...
[2m../../AppData/Local/Temp/chromatic--44268-s7XnLZlLr7ER/[22m[32miframe.html                                    [39m[1m[2m 12.56 kB[22m[1m[22m[2m │ gzip:   3.55 kB[22m
[2m../../AppData/Local/Temp/chromatic--44268-s7XnLZlLr7ER/[22m[32massets/percolate-dac75269.ttf                  [39m[1m[2m 34.04 kB[22m[1m[22m
[2m../../AppData/Local/Temp/chromatic--44268-s7XnLZlLr7ER/[22m[32massets/percolate-ec979d96.woff                 [39m[1m[2m 34.11 kB[22m[1m[22m
[2m../../AppData/Local/Temp/chromatic--44268-s7XnLZlLr7ER/[22m[32massets/percolate-5ed633c2.eot                  [39m[1m[2m 34.21 kB[22m[1m[22m
[2m../../AppData/Local/Temp/chromatic--44268-s7XnLZlLr7ER/[22m[32massets/percolate-d13fa91b.svg                  [39m[1m[2m140.51 kB[22m[1m[22m[2m │ gzip:  46.93 kB[22m
[2m../../AppData/Local/Temp/chromatic--44268-s7XnLZlLr7ER/[22m[35massets/preview-4f244d89.css                    [39m[1m[2m  6.87 kB[22m[1m[22m[2m │ gzip:   2.05 kB[22m
[2m../../AppData/Local/Temp/chromatic--44268-s7XnLZlLr7ER/[22m[36massets/_commonjs-dynamic-modules-302442b1.js   [39m[1m[2m  0.30 kB[22m[1m[22m[2m │ gzip:   0.24 kB[22m[2m │ map:     0.12 kB[22m
[2m../../AppData/Local/Temp/chromatic--44268-s7XnLZlLr7ER/[22m[36massets/WithTooltip-4HIR6TLV-6b5ab77c.js        [39m[1m[2m  0.49 kB[22m[1m[22m[2m │ gzip:   0.30 kB[22m[2m │ map:     0.11 kB[22m
[2m../../AppData/Local/Temp/chromatic--44268-s7XnLZlLr7ER/[22m[36massets/syntaxhighlighter-NMPM6SWI-a867d82f.js  [39m[1m[2m  0.51 kB[22m[1m[22m[2m │ gzip:   0.33 kB[22m[2m │ map:     0.12 kB[22m
[2m../../AppData/Local/Temp/chromatic--44268-s7XnLZlLr7ER/[22m[36massets/preview-4f74bf54.js                     [39m[1m[2m  0.56 kB[22m[1m[22m[2m │ gzip:   0.35 kB[22m[2m │ map:     0.53 kB[22m
[2m../../AppData/Local/Temp/chromatic--44268-s7XnLZlLr7ER/[22m[36massets/index-3fd0d1ea.js                       [39m[1m[2m  0.62 kB[22m[1m[22m[2m │ gzip:   0.39 kB[22m[2m │ map:     4.27 kB[22m
[2m../../AppData/Local/Temp/chromatic--44268-s7XnLZlLr7ER/[22m[36massets/preview-87eac49b.js                     [39m[1m[2m  0.68 kB[22m[1m[22m[2m │ gzip:   0.48 kB[22m[2m │ map:     3.87 kB[22m
[2m../../AppData/Local/Temp/chromatic--44268-s7XnLZlLr7ER/[22m[36massets/_commonjsHelpers-de833af9.js            [39m[1m[2m  0.75 kB[22m[1m[22m[2m │ gzip:   0.43 kB[22m[2m │ map:     0.11 kB[22m
[2m../../AppData/Local/Temp/chromatic--44268-s7XnLZlLr7ER/[22m[36massets/index-356e4a49.js                       [39m[1m[2m  0.81 kB[22m[1m[22m[2m │ gzip:   0.51 kB[22m[2m │ map:     3.25 kB[22m
[2m../../AppData/Local/Temp/chromatic--44268-s7XnLZlLr7ER/[22m[36massets/index-8d47fad6.js                       [39m[1m[2m  0.84 kB[22m[1m[22m[2m │ gzip:   0.55 kB[22m[2m │ map:     4.05 kB[22m
[2m../../AppData/Local/Temp/chromatic--44268-s7XnLZlLr7ER/[22m[36massets/preview-b3c37142.js                     [39m[1m[2m  0.90 kB[22m[1m[22m[2m │ gzip:   0.59 kB[22m[2m │ map:     2.95 kB[22m
[2m../../AppData/Local/Temp/chromatic--44268-s7XnLZlLr7ER/[22m[36massets/preview-79682ad1.js                     [39m[1m[2m  1.09 kB[22m[1m[22m[2m │ gzip:   0.71 kB[22m[2m │ map:     3.07 kB[22m
[2m../../AppData/Local/Temp/chromatic--44268-s7XnLZlLr7ER/[22m[36massets/preview-bed967c6.js                     [39m[1m[2m  2.38 kB[22m[1m[22m[2m │ gzip:   1.25 kB[22m[2m │ map:    10.89 kB[22m
[2m../../AppData/Local/Temp/chromatic--44268-s7XnLZlLr7ER/[22m[36massets/index-d37d4223.js                       [39m[1m[2m  2.63 kB[22m[1m[22m[2m │ gzip:   1.30 kB[22m[2m │ map:     7.47 kB[22m
[2m../../AppData/Local/Temp/chromatic--44268-s7XnLZlLr7ER/[22m[36massets/preview-108c1c3c.js                     [39m[1m[2m  3.26 kB[22m[1m[22m[2m │ gzip:   1.41 kB[22m[2m │ map:    10.25 kB[22m
[2m../../AppData/Local/Temp/chromatic--44268-s7XnLZlLr7ER/[22m[36massets/Task.stories-664a5a45.js                [39m[1m[2m  3.52 kB[22m[1m[22m[2m │ gzip:   1.52 kB[22m[2m │ map:     4.89 kB[22m
[2m../../AppData/Local/Temp/chromatic--44268-s7XnLZlLr7ER/[22m[36massets/iframe-e1d83d9e.js                      [39m[1m[2m  4.53 kB[22m[1m[22m[2m │ gzip:   1.66 kB[22m[2m │ map:     5.45 kB[22m
[2m../../AppData/Local/Temp/chromatic--44268-s7XnLZlLr7ER/[22m[36massets/index-76fb7be0.js                       [39m[1m[2m  7.21 kB[22m[1m[22m[2m │ gzip:   2.94 kB[22m[2m │ map:    15.69 kB[22m
[2m../../AppData/Local/Temp/chromatic--44268-s7XnLZlLr7ER/[22m[36massets/preview-b8d6c68d.js                     [39m[1m[2m  7.67 kB[22m[1m[22m[2m │ gzip:   1.59 kB[22m[2m │ map:    14.20 kB[22m
[2m../../AppData/Local/Temp/chromatic--44268-s7XnLZlLr7ER/[22m[36massets/preview-2059b184.js                     [39m[1m[2m  8.32 kB[22m[1m[22m[2m │ gzip:   3.21 kB[22m[2m │ map:    29.39 kB[22m
[2m../../AppData/Local/Temp/chromatic--44268-s7XnLZlLr7ER/[22m[36massets/index-da07a199.js                       [39m[1m[2m 13.66 kB[22m[1m[22m[2m │ gzip:   5.17 kB[22m[2m │ map:    53.06 kB[22m
[2m../../AppData/Local/Temp/chromatic--44268-s7XnLZlLr7ER/[22m[36massets/Color-6VNJS4EI-aefa949d.js              [39m[1m[2m 17.68 kB[22m[1m[22m[2m │ gzip:   6.84 kB[22m[2m │ map:    59.53 kB[22m
[2m../../AppData/Local/Temp/chromatic--44268-s7XnLZlLr7ER/[22m[36massets/preview-6751e51d.js                     [39m[1m[2m 21.12 kB[22m[1m[22m[2m │ gzip:   7.02 kB[22m[2m │ map:    68.31 kB[22m
[2m../../AppData/Local/Temp/chromatic--44268-s7XnLZlLr7ER/[22m[36massets/TaskList.stories-0ace470f.js            [39m[1m[2m 31.41 kB[22m[1m[22m[2m │ gzip:  11.71 kB[22m[2m │ map:   252.04 kB[22m
[2m../../AppData/Local/Temp/chromatic--44268-s7XnLZlLr7ER/[22m[36massets/preview-25c7684b.js                     [39m[1m[2m 34.24 kB[22m[1m[22m[2m │ gzip:  13.44 kB[22m[2m │ map:   127.30 kB[22m
[2m../../AppData/Local/Temp/chromatic--44268-s7XnLZlLr7ER/[22m[36massets/_getPrototype-e1e43787.js               [39m[1m[2m 79.01 kB[22m[1m[22m[2m │ gzip:  23.87 kB[22m[2m │ map:   325.02 kB[22m
[2m../../AppData/Local/Temp/chromatic--44268-s7XnLZlLr7ER/[22m[36massets/index-d3ea75b5.js                       [39m[1m[2m134.11 kB[22m[1m[22m[2m │ gzip:  43.25 kB[22m[2m │ map:   328.79 kB[22m
[2m../../AppData/Local/Temp/chromatic--44268-s7XnLZlLr7ER/[22m[36massets/config-e12572bb.js                      [39m[1m[2m213.48 kB[22m[1m[22m[2m │ gzip:  67.01 kB[22m[2m │ map:   802.97 kB[22m
[2m../../AppData/Local/Temp/chromatic--44268-s7XnLZlLr7ER/[22m[36massets/InboxScreen.stories-012bca3d.js         [39m[1m[2m294.69 kB[22m[1m[22m[2m │ gzip:  72.66 kB[22m[2m │ map: 1,094.42 kB[22m
[2m../../AppData/Local/Temp/chromatic--44268-s7XnLZlLr7ER/[22m[36massets/index-77955f96.js                       [39m[1m[2m372.18 kB[22m[1m[22m[2m │ gzip: 114.50 kB[22m[2m │ map: 1,557.84 kB[22m
[2m../../AppData/Local/Temp/chromatic--44268-s7XnLZlLr7ER/[22m[36massets/DocsRenderer-NNNQARDV-aaca19e3.js       [39m[1m[33m534.99 kB[39m[22m[2m │ gzip: 175.41 kB[22m[2m │ map: 1,549.75 kB[22m
[2m../../AppData/Local/Temp/chromatic--44268-s7XnLZlLr7ER/[22m[36massets/axe-ace75cbe.js                         [39m[1m[33m554.63 kB[39m[22m[2m │ gzip: 152.24 kB[22m[2m │ map: 1,993.93 kB[22m
[2m../../AppData/Local/Temp/chromatic--44268-s7XnLZlLr7ER/[22m[36massets/formatter-SWP5E3XI-c74613a9.js          [39m[1m[33m601.69 kB[39m[22m[2m │ gzip: 186.28 kB[22m[2m │ map: 1,318.58 kB[22m
[33m
(!) Some chunks are larger than 500 kBs after minification. Consider:
- Using dynamic import() to code-split the application
- Use build.rollupOptions.output.manualChunks to improve chunking: https://rollupjs.org/configuration-options/#output-manualchunks
- Adjust chunk size limit for this warning via build.chunkSizeWarningLimit.[39m
[32m✓ built in 20.11s[39m
info => Preview built (21 s)
info => Output directory: C:\Users\uvuba\AppData\Local\Temp\chromatic--44268-s7XnLZlLr7ER
Done in 26.44s.
